SEVERE	140	0	oracle.ide.extension.HashStructureHook	Unexpected runtime exception while delivering HashStructureHookEvent
SEVERE	444	2581522	oracle.dbtools.crest.util.logging.Logger	Duplicated file for time_slot ID - 1EF5DC2C-12B8-E4BB-F906-95853DB3BC18 
path - /Users/leads/Documents/cognitiveLamp/leadsuser_model/leadsuser/rel/D0ADEC0C-804409B8E385/phys/01F6E6D1-3988D1813575/Table/seg_0/1EF5DC2C-12B8-E4BB-F906-95853DB3BC18.xml
SEVERE	451	99635	oracle.dbtools.raptor.backgroundTask.RaptorTaskManager$1	Cannot invoke "javax.accessibility.AccessibleContext.getAccessibleRole()" because "<local3>" is null at java.desktop/sun.lwawt.macosx.CAccessibility.propertyChange(Unknown Source)
SEVERE	455	27264	oracle.dbtools.raptor.backgroundTask.RaptorTaskManager$1	Cannot invoke "com.oracle.jdeveloper.nbwindowsystem.NbStructuredPropertyAccess.getChildNodes(String)" because "this.props" is null at com.oracle.jdeveloper.nbwindowsystem.NbEditorContainer.getURL(NbEditorContainer.java:1029)
SEVERE	456	0	oracle.dbtools.raptor.backgroundTask.RaptorTaskManager$1	Cannot invoke "com.oracle.jdeveloper.nbwindowsystem.NbStructuredPropertyAccess.getChildNodes(String)" because "this.props" is null at com.oracle.jdeveloper.nbwindowsystem.NbEditorContainer.getURL(NbEditorContainer.java:1029)
SEVERE	458	6860	oracle.dbtools.crest.util.logging.Logger	Duplicated file for time_slot ID - 1EF5DC2C-12B8-E4BB-F906-95853DB3BC18 
path - /Users/leads/Documents/cognitiveLamp/leadsuser_model/leadsuser/rel/D0ADEC0C-804409B8E385/phys/01F6E6D1-3988D1813575/Table/seg_0/1EF5DC2C-12B8-E4BB-F906-95853DB3BC18.xml
SEVERE	464	608602	oracle.dbtools.raptor.backgroundTask.RaptorTaskManager$1	Cannot invoke "javax.accessibility.AccessibleContext.getAccessibleRole()" because "<local3>" is null at java.desktop/sun.lwawt.macosx.CAccessibility.propertyChange(Unknown Source)
SEVERE	465	2221	oracle.dbtools.raptor.backgroundTask.RaptorTaskManager$1	Cannot invoke "javax.accessibility.AccessibleContext.getAccessibleRole()" because "<local3>" is null at java.desktop/sun.lwawt.macosx.CAccessibility.propertyChange(Unknown Source)
SEVERE	466	104028	oracle.dbtools.raptor.backgroundTask.RaptorTaskManager$1	Cannot invoke "javax.accessibility.AccessibleContext.getAccessibleRole()" because "<local3>" is null at java.desktop/sun.lwawt.macosx.CAccessibility.propertyChange(Unknown Source)
SEVERE	467	14166	oracle.dbtools.raptor.backgroundTask.RaptorTaskManager$1	Cannot invoke "javax.accessibility.AccessibleContext.getAccessibleRole()" because "<local3>" is null at java.desktop/sun.lwawt.macosx.CAccessibility.propertyChange(Unknown Source)
SEVERE	468	4371	oracle.dbtools.raptor.backgroundTask.RaptorTaskManager$1	Cannot invoke "javax.accessibility.AccessibleContext.getAccessibleRole()" because "<local3>" is null at java.desktop/sun.lwawt.macosx.CAccessibility.propertyChange(Unknown Source)
SEVERE	486	471768	oracle.dbtools.raptor.backgroundTask.RaptorTaskManager$1	Cannot invoke "oracle.dbtools.crest.model.design.storage.StorageObject.getParent()" because "this.this$0.selectedNode" is null at oracle.dbtools.crest.swingui.browser.BrowserPanel$86.actionPerformed(BrowserPanel.java:2676)
SEVERE	488	184158	oracle.dbtools.raptor.backgroundTask.RaptorTaskManager$1	Cannot invoke "javax.accessibility.AccessibleContext.getAccessibleRole()" because "<local3>" is null at java.desktop/sun.lwawt.macosx.CAccessibility.propertyChange(Unknown Source)
SEVERE	489	2532	oracle.dbtools.raptor.backgroundTask.RaptorTaskManager$1	Cannot invoke "javax.accessibility.AccessibleContext.getAccessibleRole()" because "<local3>" is null at java.desktop/sun.lwawt.macosx.CAccessibility.propertyChange(Unknown Source)
SEVERE	490	7970	oracle.dbtools.raptor.backgroundTask.RaptorTaskManager$1	Cannot invoke "javax.accessibility.AccessibleContext.getAccessibleRole()" because "<local3>" is null at java.desktop/sun.lwawt.macosx.CAccessibility.propertyChange(Unknown Source)
SEVERE	491	22760	oracle.dbtools.raptor.backgroundTask.RaptorTaskManager$1	Cannot invoke "javax.accessibility.AccessibleContext.getAccessibleRole()" because "<local3>" is null at java.desktop/sun.lwawt.macosx.CAccessibility.propertyChange(Unknown Source)
SEVERE	492	26335	oracle.dbtools.raptor.backgroundTask.RaptorTaskManager$1	Cannot invoke "javax.accessibility.AccessibleContext.getAccessibleRole()" because "<local3>" is null at java.desktop/sun.lwawt.macosx.CAccessibility.propertyChange(Unknown Source)
SEVERE	495	24557	oracle.dbtools.raptor.backgroundTask.RaptorTaskManager$1	Cannot invoke "javax.accessibility.AccessibleContext.getAccessibleRole()" because "<local3>" is null at java.desktop/sun.lwawt.macosx.CAccessibility.propertyChange(Unknown Source)
